<?xml version="1.0" encoding="UTF-8"?>
<!-- Generated by org.testng.reporters.JUnitXMLReporter -->
<testsuite ignored="0" hostname="Amruta" failures="0" tests="12" name="Chrome" time="7.752" errors="0" timestamp="15 Feb 2023 09:29:58 GMT">
  <testcase classname="testNgPack.TestNgFormClass" name="@BeforeMethod openSignUpPage" time="0.047">
    <failure type="org.openqa.selenium.NoSuchSessionException" message="invalid session id
Build info: version: &amp;apos;3.141.59&amp;apos;, revision: &amp;apos;e82be7d358&amp;apos;, time: &amp;apos;2018-11-14T08:17:03&amp;apos;
System info: host: &amp;apos;AMRUTA&amp;apos;, ip: &amp;apos;192.168.1.100&amp;apos;, os.name: &amp;apos;Windows 11&amp;apos;, os.arch: &amp;apos;amd64&amp;apos;, os.version: &amp;apos;10.0&amp;apos;, java.version: &amp;apos;18.0.2.1&amp;apos;
Driver info: org.openqa.selenium.chrome.ChromeDriver
Capabilities {acceptInsecureCerts: false, browserName: chrome, browserVersion: 109.0.5414.120, chrome: {chromedriverVersion: 109.0.5414.74 (e7c5703604da..., userDataDir: C:\Users\phada\AppData\Loca...}, goog:chromeOptions: {debuggerAddress: localhost:61532}, javascriptEnabled: true, networkConnectionEnabled: false, pageLoadStrategy: normal, platform: WINDOWS, platformName: WINDOWS, proxy: Proxy(), setWindowRect: true, strictFileInteractability: false, timeouts: {implicit: 0, pageLoad: 300000, script: 30000}, unhandledPromptBehavior: dismiss and notify, webauthn:extension:credBlob: true, webauthn:extension:largeBlob: true, webauthn:virtualAuthenticators: true}
Session ID: 807c02c746f6e211de16ba5920793d81">
      <![CDATA[org.openqa.selenium.NoSuchSessionException: invalid session id
Build info: version: '3.141.59', revision: 'e82be7d358', time: '2018-11-14T08:17:03'
System info: host: 'AMRUTA', ip: '192.168.1.100', os.name: 'Windows 11', os.arch: 'amd64', os.version: '10.0', java.version: '18.0.2.1'
Driver info: org.openqa.selenium.chrome.ChromeDriver
Capabilities {acceptInsecureCerts: false, browserName: chrome, browserVersion: 109.0.5414.120, chrome: {chromedriverVersion: 109.0.5414.74 (e7c5703604da..., userDataDir: C:\Users\phada\AppData\Loca...}, goog:chromeOptions: {debuggerAddress: localhost:61532}, javascriptEnabled: true, networkConnectionEnabled: false, pageLoadStrategy: normal, platform: WINDOWS, platformName: WINDOWS, proxy: Proxy(), setWindowRect: true, strictFileInteractability: false, timeouts: {implicit: 0, pageLoad: 300000, script: 30000}, unhandledPromptBehavior: dismiss and notify, webauthn:extension:credBlob: true, webauthn:extension:largeBlob: true, webauthn:virtualAuthenticators: true}
Session ID: 807c02c746f6e211de16ba5920793d81
at org.openqa.selenium.remote.http.W3CHttpResponseCodec.createException(W3CHttpResponseCodec.java:187)
at org.openqa.selenium.remote.http.W3CHttpResponseCodec.decode(W3CHttpResponseCodec.java:122)
at org.openqa.selenium.remote.http.W3CHttpResponseCodec.decode(W3CHttpResponseCodec.java:49)
at org.openqa.selenium.remote.HttpCommandExecutor.execute(HttpCommandExecutor.java:158)
at org.openqa.selenium.remote.service.DriverCommandExecutor.execute(DriverCommandExecutor.java:83)
at org.openqa.selenium.remote.RemoteWebDriver.execute(RemoteWebDriver.java:552)
at org.openqa.selenium.remote.RemoteWebDriver.get(RemoteWebDriver.java:277)
at testNgPack.TestNgFormClass.openSignUpPage(TestNgFormClass.java:59)
at java.base/java.util.concurrent.ThreadPoolExecutor.runWorker(ThreadPoolExecutor.java:1136)
at java.base/java.util.concurrent.ThreadPoolExecutor$Worker.run(ThreadPoolExecutor.java:635)
at java.base/java.lang.Thread.run(Thread.java:833)
... Removed 14 stack frames]]>
    </failure>
  </testcase> <!-- @BeforeMethod openSignUpPage -->
  <testcase classname="testNgPack.TestNgFormClass" name="@AfterMethod afterMethod" time="0.0">
    <skipped/>
  </testcase> <!-- @AfterMethod afterMethod -->
  <testcase classname="testNgPack.TestNgFormClass" name="@BeforeMethod openSignUpPage" time="0.0">
    <skipped/>
  </testcase> <!-- @BeforeMethod openSignUpPage -->
  <testcase classname="testNgPack.TestNgFormClass" name="@AfterMethod afterMethod" time="0.0">
    <skipped/>
  </testcase> <!-- @AfterMethod afterMethod -->
  <testcase classname="testNgPack.TestNgFormClass" name="@BeforeMethod openSignUpPage" time="0.0">
    <skipped/>
  </testcase> <!-- @BeforeMethod openSignUpPage -->
  <testcase classname="testNgPack.TestNgFormClass" name="@AfterMethod afterMethod" time="0.0">
    <skipped/>
  </testcase> <!-- @AfterMethod afterMethod -->
  <testcase classname="testNgPack.TestNgFormClass" name="@BeforeMethod openSignUpPage" time="0.0">
    <skipped/>
  </testcase> <!-- @BeforeMethod openSignUpPage -->
  <testcase classname="testNgPack.TestNgFormClass" name="@AfterMethod afterMethod" time="0.0">
    <skipped/>
  </testcase> <!-- @AfterMethod afterMethod -->
  <testcase classname="testNgPack.TestNgFormClass" name="@BeforeMethod openSignUpPage" time="0.0">
    <skipped/>
  </testcase> <!-- @BeforeMethod openSignUpPage -->
  <testcase classname="testNgPack.TestNgFormClass" name="@AfterMethod afterMethod" time="0.0">
    <skipped/>
  </testcase> <!-- @AfterMethod afterMethod -->
  <testcase classname="testNgPack.TestNgFormClass" name="@BeforeMethod openSignUpPage" time="0.0">
    <skipped/>
  </testcase> <!-- @BeforeMethod openSignUpPage -->
  <testcase classname="testNgPack.TestNgFormClass" name="@AfterMethod afterMethod" time="0.0">
    <skipped/>
  </testcase> <!-- @AfterMethod afterMethod -->
  <testcase classname="testNgPack.TestNgFormClass" name="@BeforeMethod openSignUpPage" time="0.0">
    <skipped/>
  </testcase> <!-- @BeforeMethod openSignUpPage -->
  <testcase classname="testNgPack.TestNgFormClass" name="@AfterMethod afterMethod" time="0.0">
    <skipped/>
  </testcase> <!-- @AfterMethod afterMethod -->
  <testcase classname="testNgPack.TestNgFormClass" name="@BeforeMethod openSignUpPage" time="0.0">
    <skipped/>
  </testcase> <!-- @BeforeMethod openSignUpPage -->
  <testcase classname="testNgPack.TestNgFormClass" name="@AfterMethod afterMethod" time="0.0">
    <skipped/>
  </testcase> <!-- @AfterMethod afterMethod -->
  <testcase classname="testNgPack.TestNgFormClass" name="@AfterClass afterClass" time="0.0">
    <skipped/>
  </testcase> <!-- @AfterClass afterClass -->
  <testcase classname="testNgPack.TestNgClass" name="@BeforeMethod openSignUpPage" time="0.004">
    <failure type="org.openqa.selenium.NoSuchWindowException" message="no such window: target window already closed
from unknown error: web view not found
  (Session info: chrome=109.0.5414.120)
Build info: version: &amp;apos;3.141.59&amp;apos;, revision: &amp;apos;e82be7d358&amp;apos;, time: &amp;apos;2018-11-14T08:17:03&amp;apos;
System info: host: &amp;apos;AMRUTA&amp;apos;, ip: &amp;apos;192.168.1.100&amp;apos;, os.name: &amp;apos;Windows 11&amp;apos;, os.arch: &amp;apos;amd64&amp;apos;, os.version: &amp;apos;10.0&amp;apos;, java.version: &amp;apos;18.0.2.1&amp;apos;
Driver info: org.openqa.selenium.chrome.ChromeDriver
Capabilities {acceptInsecureCerts: false, browserName: chrome, browserVersion: 109.0.5414.120, chrome: {chromedriverVersion: 109.0.5414.74 (e7c5703604da..., userDataDir: C:\Users\phada\AppData\Loca...}, goog:chromeOptions: {debuggerAddress: localhost:61521}, javascriptEnabled: true, networkConnectionEnabled: false, pageLoadStrategy: normal, platform: WINDOWS, platformName: WINDOWS, proxy: Proxy(), setWindowRect: true, strictFileInteractability: false, timeouts: {implicit: 0, pageLoad: 300000, script: 30000}, unhandledPromptBehavior: dismiss and notify, webauthn:extension:credBlob: true, webauthn:extension:largeBlob: true, webauthn:virtualAuthenticators: true}
Session ID: 332d77bbe59e61d1fed84489c6774159">
      <![CDATA[org.openqa.selenium.NoSuchWindowException: no such window: target window already closed
from unknown error: web view not found
  (Session info: chrome=109.0.5414.120)
Build info: version: '3.141.59', revision: 'e82be7d358', time: '2018-11-14T08:17:03'
System info: host: 'AMRUTA', ip: '192.168.1.100', os.name: 'Windows 11', os.arch: 'amd64', os.version: '10.0', java.version: '18.0.2.1'
Driver info: org.openqa.selenium.chrome.ChromeDriver
Capabilities {acceptInsecureCerts: false, browserName: chrome, browserVersion: 109.0.5414.120, chrome: {chromedriverVersion: 109.0.5414.74 (e7c5703604da..., userDataDir: C:\Users\phada\AppData\Loca...}, goog:chromeOptions: {debuggerAddress: localhost:61521}, javascriptEnabled: true, networkConnectionEnabled: false, pageLoadStrategy: normal, platform: WINDOWS, platformName: WINDOWS, proxy: Proxy(), setWindowRect: true, strictFileInteractability: false, timeouts: {implicit: 0, pageLoad: 300000, script: 30000}, unhandledPromptBehavior: dismiss and notify, webauthn:extension:credBlob: true, webauthn:extension:largeBlob: true, webauthn:virtualAuthenticators: true}
Session ID: 332d77bbe59e61d1fed84489c6774159
at org.openqa.selenium.remote.http.W3CHttpResponseCodec.createException(W3CHttpResponseCodec.java:187)
at org.openqa.selenium.remote.http.W3CHttpResponseCodec.decode(W3CHttpResponseCodec.java:122)
at org.openqa.selenium.remote.http.W3CHttpResponseCodec.decode(W3CHttpResponseCodec.java:49)
at org.openqa.selenium.remote.HttpCommandExecutor.execute(HttpCommandExecutor.java:158)
at org.openqa.selenium.remote.service.DriverCommandExecutor.execute(DriverCommandExecutor.java:83)
at org.openqa.selenium.remote.RemoteWebDriver.execute(RemoteWebDriver.java:552)
at org.openqa.selenium.remote.RemoteWebDriver.get(RemoteWebDriver.java:277)
at testNgPack.TestNgClass.openSignUpPage(TestNgClass.java:59)
at java.base/java.util.concurrent.ThreadPoolExecutor.runWorker(ThreadPoolExecutor.java:1136)
at java.base/java.util.concurrent.ThreadPoolExecutor$Worker.run(ThreadPoolExecutor.java:635)
at java.base/java.lang.Thread.run(Thread.java:833)
... Removed 14 stack frames]]>
    </failure>
  </testcase> <!-- @BeforeMethod openSignUpPage -->
  <testcase classname="testNgPack.TestNgClass" name="@AfterMethod afterMethod" time="0.0">
    <skipped/>
  </testcase> <!-- @AfterMethod afterMethod -->
  <testcase classname="testNgPack.TestNgClass" name="@BeforeMethod openSignUpPage" time="0.0">
    <skipped/>
  </testcase> <!-- @BeforeMethod openSignUpPage -->
  <testcase classname="testNgPack.TestNgClass" name="@AfterMethod afterMethod" time="0.0">
    <skipped/>
  </testcase> <!-- @AfterMethod afterMethod -->
  <testcase classname="testNgPack.TestNgClass" name="@AfterClass afterClass" time="0.0">
    <skipped/>
  </testcase> <!-- @AfterClass afterClass -->
  <testcase classname="testNgPack.TestNgFormClass" name="verifyFirstName" time="1.068"/>
  <testcase classname="testNgPack.TestNgFormClass" name="verifyFirstname" time="0.0">
    <skipped/>
  </testcase> <!-- verifyFirstname -->
  <testcase classname="testNgPack.TestNgFormClass" name="verifyLastName" time="0.0">
    <skipped/>
  </testcase> <!-- verifyLastName -->
  <testcase classname="testNgPack.TestNgFormClass" name="verifyMoblieNo" time="0.0">
    <skipped/>
  </testcase> <!-- verifyMoblieNo -->
  <testcase classname="testNgPack.TestNgFormClass" name="verifydaydropdown" time="0.0">
    <skipped/>
  </testcase> <!-- verifydaydropdown -->
  <testcase classname="testNgPack.TestNgFormClass" name="verifymaleRadioButton" time="0.0">
    <skipped/>
  </testcase> <!-- verifymaleRadioButton -->
  <testcase classname="testNgPack.TestNgFormClass" name="verifymonthdropdown" time="0.0">
    <skipped/>
  </testcase> <!-- verifymonthdropdown -->
  <testcase classname="testNgPack.TestNgFormClass" name="verifypassword" time="0.0">
    <skipped/>
  </testcase> <!-- verifypassword -->
  <testcase classname="testNgPack.TestNgFormClass" name="verifyyeardropdown" time="0.0">
    <skipped/>
  </testcase> <!-- verifyyeardropdown -->
  <testcase classname="testNgPack.TestNgClass" name="verifyTermsLink" time="2.207"/>
  <testcase classname="testNgPack.TestNgClass" name="verifycookiespolicylink" time="0.0">
    <skipped/>
  </testcase> <!-- verifycookiespolicylink -->
  <testcase classname="testNgPack.TestNgClass" name="verifyprivacypolicylink" time="0.0">
    <skipped/>
  </testcase> <!-- verifyprivacypolicylink -->
</testsuite> <!-- Chrome -->
